  jsb_module_register.cpp
  main.cpp
  AppDelegate.cpp
c:\program files (x86)\microsoft visual studio\2017\community\vc\tools\msvc\14.16.27023\include\xlocale(319): warning C4530: Se ha utilizado el controlador de excepciones de C++, pero la semántica de desenredo no está habilitada. Especifique /EHsc (compilando archivo de origen ..\Classes\AppDelegate.cpp)
c:\program files (x86)\microsoft visual studio\2017\community\vc\tools\msvc\14.16.27023\include\xlocale(319): warning C4530: Se ha utilizado el controlador de excepciones de C++, pero la semántica de desenredo no está habilitada. Especifique /EHsc (compilando archivo de origen ..\Classes\jsb_module_register.cpp)
c:\program files (x86)\microsoft visual studio\2017\community\vc\tools\msvc\14.16.27023\include\xlocale(319): warning C4530: Se ha utilizado el controlador de excepciones de C++, pero la semántica de desenredo no está habilitada. Especifique /EHsc (compilando archivo de origen main.cpp)
libtiff-2015.lib(tif_win32.obj) : warning LNK4075: se omite '/EDITANDCONTINUE' debido a la especificación '/INCREMENTAL:NO'
     Creando biblioteca C:\Users\Maxi\Downloads\TP1\build\jsb-link\frameworks\runtime-src\proj.win32\Release.win32\TP1.lib y objeto C:\Users\Maxi\Downloads\TP1\build\jsb-link\frameworks\runtime-src\proj.win32\Release.win32\TP1.exp
LINK : warning LNK4098: la biblioteca predeterminada'LIBCMT' entra en conflicto con otras bibliotecas; use la biblioteca /NODEFAULTLIB:biblioteca
jsb_module_register.obj : warning LNK4217: se importó el símbolo ?clear@AutoreleasePool@cocos2d@@QAEXXZ (public: void __thiscall cocos2d::AutoreleasePool::clear(void)) definido localmente en la función "private: virtual void __thiscall std::_Func_impl_no_alloc<class <lambda_c5b63d1ec35da9f45e52f6b07e0fc7b5>,void>::_Do_call(void)" (?_Do_call@?$_Func_impl_no_alloc@V<lambda_c5b63d1ec35da9f45e52f6b07e0fc7b5>@@X$$V@std@@EAEXXZ)
jsb_module_register.obj : warning LNK4217: se importó el símbolo ?getInstance@PoolManager@cocos2d@@SAPAV12@XZ (public: static class cocos2d::PoolManager * __cdecl cocos2d::PoolManager::getInstance(void)) definido localmente en la función "private: virtual void __thiscall std::_Func_impl_no_alloc<class <lambda_c5b63d1ec35da9f45e52f6b07e0fc7b5>,void>::_Do_call(void)" (?_Do_call@?$_Func_impl_no_alloc@V<lambda_c5b63d1ec35da9f45e52f6b07e0fc7b5>@@X$$V@std@@EAEXXZ)
jsb_module_register.obj : warning LNK4217: se importó el símbolo ?getCurrentPool@PoolManager@cocos2d@@QBEPAVAutoreleasePool@2@XZ (public: class cocos2d::AutoreleasePool * __thiscall cocos2d::PoolManager::getCurrentPool(void)const ) definido localmente en la función "private: virtual void __thiscall std::_Func_impl_no_alloc<class <lambda_c5b63d1ec35da9f45e52f6b07e0fc7b5>,void>::_Do_call(void)" (?_Do_call@?$_Func_impl_no_alloc@V<lambda_c5b63d1ec35da9f45e52f6b07e0fc7b5>@@X$$V@std@@EAEXXZ)
main.obj : warning LNK4217: se importó el símbolo ?start@Application@cocos2d@@QAEXXZ (public: void __thiscall cocos2d::Application::start(void)) definido localmente en la función _wWinMain@16
AppDelegate.obj : warning LNK4217: se importó el símbolo ?log@cocos2d@@YAXPBDZZ (void __cdecl cocos2d::log(char const *,...)) definido localmente en la función "private: virtual void __thiscall std::_Func_impl_no_alloc<class <lambda_a2c85733628e11bde817bf6f96f7075f>,void,char const *,char const *,char const *>::_Do_call(char const * &&,char const * &&,char const * &&)" (?_Do_call@?$_Func_impl_no_alloc@V<lambda_a2c85733628e11bde817bf6f96f7075f>@@XPBDPBDPBD@std@@EAEX$$QAPBD00@Z)
AppDelegate.obj : warning LNK4217: se importó el símbolo ??0Application@cocos2d@@QAE@ABV?$basic_string@DU?$char_traits@D@std@@V?$allocator@D@2@@std@@HH@Z (public: __thiscall cocos2d::Application::Application(class std::basic_string<char,struct std::char_traits<char>,class std::allocator<char> > const &,int,int)) definido localmente en la función "public: __thiscall AppDelegate::AppDelegate(int,int)" (??0AppDelegate@@QAE@HH@Z)
AppDelegate.obj : warning LNK4217: se importó el símbolo ??1Application@cocos2d@@UAE@XZ (public: virtual __thiscall cocos2d::Application::~Application(void)) definido localmente en la función "public: virtual __thiscall AppDelegate::~AppDelegate(void)" (??1AppDelegate@@UAE@XZ)
libtiff-2015.lib(tif_aux.obj) : warning LNK4099: no se encontró PDB 'vc140.pdb' con 'libtiff-2015.lib(tif_aux.obj)' o en 'C:\Users\Maxi\Downloads\TP1\build\jsb-link\frameworks\runtime-src\proj.win32\Release.win32\vc140.pdb'; se vinculará el objeto sin tener en cuenta información de depuración
libtiff-2015.lib(tif_close.obj) : warning LNK4099: no se encontró PDB 'vc140.pdb' con 'libtiff-2015.lib(tif_close.obj)' o en 'C:\Users\Maxi\Downloads\TP1\build\jsb-link\frameworks\runtime-src\proj.win32\Release.win32\vc140.pdb'; se vinculará el objeto sin tener en cuenta información de depuración
libtiff-2015.lib(tif_codec.obj) : warning LNK4099: no se encontró PDB 'vc140.pdb' con 'libtiff-2015.lib(tif_codec.obj)' o en 'C:\Users\Maxi\Downloads\TP1\build\jsb-link\frameworks\runtime-src\proj.win32\Release.win32\vc140.pdb'; se vinculará el objeto sin tener en cuenta información de depuración
libtiff-2015.lib(tif_color.obj) : warning LNK4099: no se encontró PDB 'vc140.pdb' con 'libtiff-2015.lib(tif_color.obj)' o en 'C:\Users\Maxi\Downloads\TP1\build\jsb-link\frameworks\runtime-src\proj.win32\Release.win32\vc140.pdb'; se vinculará el objeto sin tener en cuenta información de depuración
libtiff-2015.lib(tif_compress.obj) : warning LNK4099: no se encontró PDB 'vc140.pdb' con 'libtiff-2015.lib(tif_compress.obj)' o en 'C:\Users\Maxi\Downloads\TP1\build\jsb-link\frameworks\runtime-src\proj.win32\Release.win32\vc140.pdb'; se vinculará el objeto sin tener en cuenta información de depuración
libtiff-2015.lib(tif_dir.obj) : warning LNK4099: no se encontró PDB 'vc140.pdb' con 'libtiff-2015.lib(tif_dir.obj)' o en 'C:\Users\Maxi\Downloads\TP1\build\jsb-link\frameworks\runtime-src\proj.win32\Release.win32\vc140.pdb'; se vinculará el objeto sin tener en cuenta información de depuración
libtiff-2015.lib(tif_dirinfo.obj) : warning LNK4099: no se encontró PDB 'vc140.pdb' con 'libtiff-2015.lib(tif_dirinfo.obj)' o en 'C:\Users\Maxi\Downloads\TP1\build\jsb-link\frameworks\runtime-src\proj.win32\Release.win32\vc140.pdb'; se vinculará el objeto sin tener en cuenta información de depuración
libtiff-2015.lib(tif_dirread.obj) : warning LNK4099: no se encontró PDB 'vc140.pdb' con 'libtiff-2015.lib(tif_dirread.obj)' o en 'C:\Users\Maxi\Downloads\TP1\build\jsb-link\frameworks\runtime-src\proj.win32\Release.win32\vc140.pdb'; se vinculará el objeto sin tener en cuenta información de depuración
libtiff-2015.lib(tif_dirwrite.obj) : warning LNK4099: no se encontró PDB 'vc140.pdb' con 'libtiff-2015.lib(tif_dirwrite.obj)' o en 'C:\Users\Maxi\Downloads\TP1\build\jsb-link\frameworks\runtime-src\proj.win32\Release.win32\vc140.pdb'; se vinculará el objeto sin tener en cuenta información de depuración
libtiff-2015.lib(tif_dumpmode.obj) : warning LNK4099: no se encontró PDB 'vc140.pdb' con 'libtiff-2015.lib(tif_dumpmode.obj)' o en 'C:\Users\Maxi\Downloads\TP1\build\jsb-link\frameworks\runtime-src\proj.win32\Release.win32\vc140.pdb'; se vinculará el objeto sin tener en cuenta información de depuración
libtiff-2015.lib(tif_error.obj) : warning LNK4099: no se encontró PDB 'vc140.pdb' con 'libtiff-2015.lib(tif_error.obj)' o en 'C:\Users\Maxi\Downloads\TP1\build\jsb-link\frameworks\runtime-src\proj.win32\Release.win32\vc140.pdb'; se vinculará el objeto sin tener en cuenta información de depuración
libtiff-2015.lib(tif_fax3.obj) : warning LNK4099: no se encontró PDB 'vc140.pdb' con 'libtiff-2015.lib(tif_fax3.obj)' o en 'C:\Users\Maxi\Downloads\TP1\build\jsb-link\frameworks\runtime-src\proj.win32\Release.win32\vc140.pdb'; se vinculará el objeto sin tener en cuenta información de depuración
libtiff-2015.lib(tif_fax3sm.obj) : warning LNK4099: no se encontró PDB 'vc140.pdb' con 'libtiff-2015.lib(tif_fax3sm.obj)' o en 'C:\Users\Maxi\Downloads\TP1\build\jsb-link\frameworks\runtime-src\proj.win32\Release.win32\vc140.pdb'; se vinculará el objeto sin tener en cuenta información de depuración
libtiff-2015.lib(tif_getimage.obj) : warning LNK4099: no se encontró PDB 'vc140.pdb' con 'libtiff-2015.lib(tif_getimage.obj)' o en 'C:\Users\Maxi\Downloads\TP1\build\jsb-link\frameworks\runtime-src\proj.win32\Release.win32\vc140.pdb'; se vinculará el objeto sin tener en cuenta información de depuración
libtiff-2015.lib(tif_flush.obj) : warning LNK4099: no se encontró PDB 'vc140.pdb' con 'libtiff-2015.lib(tif_flush.obj)' o en 'C:\Users\Maxi\Downloads\TP1\build\jsb-link\frameworks\runtime-src\proj.win32\Release.win32\vc140.pdb'; se vinculará el objeto sin tener en cuenta información de depuración
libtiff-2015.lib(tif_luv.obj) : warning LNK4099: no se encontró PDB 'vc140.pdb' con 'libtiff-2015.lib(tif_luv.obj)' o en 'C:\Users\Maxi\Downloads\TP1\build\jsb-link\frameworks\runtime-src\proj.win32\Release.win32\vc140.pdb'; se vinculará el objeto sin tener en cuenta información de depuración
libtiff-2015.lib(tif_lzw.obj) : warning LNK4099: no se encontró PDB 'vc140.pdb' con 'libtiff-2015.lib(tif_lzw.obj)' o en 'C:\Users\Maxi\Downloads\TP1\build\jsb-link\frameworks\runtime-src\proj.win32\Release.win32\vc140.pdb'; se vinculará el objeto sin tener en cuenta información de depuración
libtiff-2015.lib(tif_next.obj) : warning LNK4099: no se encontró PDB 'vc140.pdb' con 'libtiff-2015.lib(tif_next.obj)' o en 'C:\Users\Maxi\Downloads\TP1\build\jsb-link\frameworks\runtime-src\proj.win32\Release.win32\vc140.pdb'; se vinculará el objeto sin tener en cuenta información de depuración
libtiff-2015.lib(tif_open.obj) : warning LNK4099: no se encontró PDB 'vc140.pdb' con 'libtiff-2015.lib(tif_open.obj)' o en 'C:\Users\Maxi\Downloads\TP1\build\jsb-link\frameworks\runtime-src\proj.win32\Release.win32\vc140.pdb'; se vinculará el objeto sin tener en cuenta información de depuración
libtiff-2015.lib(tif_packbits.obj) : warning LNK4099: no se encontró PDB 'vc140.pdb' con 'libtiff-2015.lib(tif_packbits.obj)' o en 'C:\Users\Maxi\Downloads\TP1\build\jsb-link\frameworks\runtime-src\proj.win32\Release.win32\vc140.pdb'; se vinculará el objeto sin tener en cuenta información de depuración
libtiff-2015.lib(tif_predict.obj) : warning LNK4099: no se encontró PDB 'vc140.pdb' con 'libtiff-2015.lib(tif_predict.obj)' o en 'C:\Users\Maxi\Downloads\TP1\build\jsb-link\frameworks\runtime-src\proj.win32\Release.win32\vc140.pdb'; se vinculará el objeto sin tener en cuenta información de depuración
libtiff-2015.lib(tif_read.obj) : warning LNK4099: no se encontró PDB 'vc140.pdb' con 'libtiff-2015.lib(tif_read.obj)' o en 'C:\Users\Maxi\Downloads\TP1\build\jsb-link\frameworks\runtime-src\proj.win32\Release.win32\vc140.pdb'; se vinculará el objeto sin tener en cuenta información de depuración
libtiff-2015.lib(tif_swab.obj) : warning LNK4099: no se encontró PDB 'vc140.pdb' con 'libtiff-2015.lib(tif_swab.obj)' o en 'C:\Users\Maxi\Downloads\TP1\build\jsb-link\frameworks\runtime-src\proj.win32\Release.win32\vc140.pdb'; se vinculará el objeto sin tener en cuenta información de depuración
libtiff-2015.lib(tif_strip.obj) : warning LNK4099: no se encontró PDB 'vc140.pdb' con 'libtiff-2015.lib(tif_strip.obj)' o en 'C:\Users\Maxi\Downloads\TP1\build\jsb-link\frameworks\runtime-src\proj.win32\Release.win32\vc140.pdb'; se vinculará el objeto sin tener en cuenta información de depuración
libtiff-2015.lib(tif_thunder.obj) : warning LNK4099: no se encontró PDB 'vc140.pdb' con 'libtiff-2015.lib(tif_thunder.obj)' o en 'C:\Users\Maxi\Downloads\TP1\build\jsb-link\frameworks\runtime-src\proj.win32\Release.win32\vc140.pdb'; se vinculará el objeto sin tener en cuenta información de depuración
libtiff-2015.lib(tif_tile.obj) : warning LNK4099: no se encontró PDB 'vc140.pdb' con 'libtiff-2015.lib(tif_tile.obj)' o en 'C:\Users\Maxi\Downloads\TP1\build\jsb-link\frameworks\runtime-src\proj.win32\Release.win32\vc140.pdb'; se vinculará el objeto sin tener en cuenta información de depuración
libtiff-2015.lib(tif_warning.obj) : warning LNK4099: no se encontró PDB 'vc140.pdb' con 'libtiff-2015.lib(tif_warning.obj)' o en 'C:\Users\Maxi\Downloads\TP1\build\jsb-link\frameworks\runtime-src\proj.win32\Release.win32\vc140.pdb'; se vinculará el objeto sin tener en cuenta información de depuración
libtiff-2015.lib(tif_write.obj) : warning LNK4099: no se encontró PDB 'vc140.pdb' con 'libtiff-2015.lib(tif_write.obj)' o en 'C:\Users\Maxi\Downloads\TP1\build\jsb-link\frameworks\runtime-src\proj.win32\Release.win32\vc140.pdb'; se vinculará el objeto sin tener en cuenta información de depuración
libtiff-2015.lib(tif_win32.obj) : warning LNK4099: no se encontró PDB 'vc140.pdb' con 'libtiff-2015.lib(tif_win32.obj)' o en 'C:\Users\Maxi\Downloads\TP1\build\jsb-link\frameworks\runtime-src\proj.win32\Release.win32\vc140.pdb'; se vinculará el objeto sin tener en cuenta información de depuración
  TP1.vcxproj -> C:\Users\Maxi\Downloads\TP1\build\jsb-link\frameworks\runtime-src\proj.win32\Release.win32\TP1.exe
  Performing Custom Build Step
  C:\Users\Maxi\Downloads\TP1\build\jsb-link\src\cocos2d-jsb.b072a.jsc -> C:\Users\Maxi\Downloads\TP1\build\jsb-link\frameworks\runtime-src\proj.win32\Release.win32\src\cocos2d-jsb.b072a.jsc
  C:\Users\Maxi\Downloads\TP1\build\jsb-link\src\physics.10dcf.jsc -> C:\Users\Maxi\Downloads\TP1\build\jsb-link\frameworks\runtime-src\proj.win32\Release.win32\src\physics.10dcf.jsc
  C:\Users\Maxi\Downloads\TP1\build\jsb-link\src\settings.85d66.jsc -> C:\Users\Maxi\Downloads\TP1\build\jsb-link\frameworks\runtime-src\proj.win32\Release.win32\src\settings.85d66.jsc
  3 archivo(s) copiado(s)
  C:\Users\Maxi\Downloads\TP1\build\jsb-link\assets\internal\config.395b1.json -> C:\Users\Maxi\Downloads\TP1\build\jsb-link\frameworks\runtime-src\proj.win32\Release.win32\assets\internal\config.395b1.json
  C:\Users\Maxi\Downloads\TP1\build\jsb-link\assets\internal\index.395b1.jsc -> C:\Users\Maxi\Downloads\TP1\build\jsb-link\frameworks\runtime-src\proj.win32\Release.win32\assets\internal\index.395b1.jsc
  C:\Users\Maxi\Downloads\TP1\build\jsb-link\assets\internal\import\0b\0b6c4470e.f9695.json -> C:\Users\Maxi\Downloads\TP1\build\jsb-link\frameworks\runtime-src\proj.win32\Release.win32\assets\internal\import\0b\0b6c4470e.f9695.json
  C:\Users\Maxi\Downloads\TP1\build\jsb-link\assets\internal\native\02\0275e94c-56a7-410f-bd1a-fc7483f7d14a.cea68.png -> C:\Users\Maxi\Downloads\TP1\build\jsb-link\frameworks\runtime-src\proj.win32\Release.win32\assets\internal\native\02\0275e94c-56a7-410f-bd1a-fc7483f7d14a.cea68.png
  C:\Users\Maxi\Downloads\TP1\build\jsb-link\assets\internal\native\60\600301aa-3357-4a10-b086-84f011fa32ba.c3a3a.png -> C:\Users\Maxi\Downloads\TP1\build\jsb-link\frameworks\runtime-src\proj.win32\Release.win32\assets\internal\native\60\600301aa-3357-4a10-b086-84f011fa32ba.c3a3a.png
  C:\Users\Maxi\Downloads\TP1\build\jsb-link\assets\main\config.b4b94.json -> C:\Users\Maxi\Downloads\TP1\build\jsb-link\frameworks\runtime-src\proj.win32\Release.win32\assets\main\config.b4b94.json
  C:\Users\Maxi\Downloads\TP1\build\jsb-link\assets\main\index.b4b94.jsc -> C:\Users\Maxi\Downloads\TP1\build\jsb-link\frameworks\runtime-src\proj.win32\Release.win32\assets\main\index.b4b94.jsc
  C:\Users\Maxi\Downloads\TP1\build\jsb-link\assets\main\import\04\043c3b643.62905.json -> C:\Users\Maxi\Downloads\TP1\build\jsb-link\frameworks\runtime-src\proj.win32\Release.win32\assets\main\import\04\043c3b643.62905.json
  C:\Users\Maxi\Downloads\TP1\build\jsb-link\assets\main\import\06\0655e9749.2b988.json -> C:\Users\Maxi\Downloads\TP1\build\jsb-link\frameworks\runtime-src\proj.win32\Release.win32\assets\main\import\06\0655e9749.2b988.json
  C:\Users\Maxi\Downloads\TP1\build\jsb-link\assets\main\import\08\08a2c26f0.da7f3.json -> C:\Users\Maxi\Downloads\TP1\build\jsb-link\frameworks\runtime-src\proj.win32\Release.win32\assets\main\import\08\08a2c26f0.da7f3.json
  C:\Users\Maxi\Downloads\TP1\build\jsb-link\assets\main\import\09\09bcdba95.b2220.json -> C:\Users\Maxi\Downloads\TP1\build\jsb-link\frameworks\runtime-src\proj.win32\Release.win32\assets\main\import\09\09bcdba95.b2220.json
  C:\Users\Maxi\Downloads\TP1\build\jsb-link\assets\main\import\0c\0cb277a0f.4809c.json -> C:\Users\Maxi\Downloads\TP1\build\jsb-link\frameworks\runtime-src\proj.win32\Release.win32\assets\main\import\0c\0cb277a0f.4809c.json
  C:\Users\Maxi\Downloads\TP1\build\jsb-link\assets\main\import\0e\0ea3ad790.ae0bf.json -> C:\Users\Maxi\Downloads\TP1\build\jsb-link\frameworks\runtime-src\proj.win32\Release.win32\assets\main\import\0e\0ea3ad790.ae0bf.json
  C:\Users\Maxi\Downloads\TP1\build\jsb-link\assets\main\native\23\232d2347-d6f0-4e79-bb8b-52336edcccc0.080d4.png -> C:\Users\Maxi\Downloads\TP1\build\jsb-link\frameworks\runtime-src\proj.win32\Release.win32\assets\main\native\23\232d2347-d6f0-4e79-bb8b-52336edcccc0.080d4.png
  C:\Users\Maxi\Downloads\TP1\build\jsb-link\assets\main\native\60\6077cc24-1e44-4c6b-806b-35428af0cbe7.34657.png -> C:\Users\Maxi\Downloads\TP1\build\jsb-link\frameworks\runtime-src\proj.win32\Release.win32\assets\main\native\60\6077cc24-1e44-4c6b-806b-35428af0cbe7.34657.png
  C:\Users\Maxi\Downloads\TP1\build\jsb-link\assets\main\native\71\71561142-4c83-4933-afca-cb7a17f67053.c06a9.png -> C:\Users\Maxi\Downloads\TP1\build\jsb-link\frameworks\runtime-src\proj.win32\Release.win32\assets\main\native\71\71561142-4c83-4933-afca-cb7a17f67053.c06a9.png
  C:\Users\Maxi\Downloads\TP1\build\jsb-link\assets\main\native\79\791bb44e-8bb5-4823-9e63-b6b28215a826.29b5e.jpg -> C:\Users\Maxi\Downloads\TP1\build\jsb-link\frameworks\runtime-src\proj.win32\Release.win32\assets\main\native\79\791bb44e-8bb5-4823-9e63-b6b28215a826.29b5e.jpg
  C:\Users\Maxi\Downloads\TP1\build\jsb-link\assets\main\native\8f\8f837ae4-d423-426b-ae2f-8a4869d26201.c1880.png -> C:\Users\Maxi\Downloads\TP1\build\jsb-link\frameworks\runtime-src\proj.win32\Release.win32\assets\main\native\8f\8f837ae4-d423-426b-ae2f-8a4869d26201.c1880.png
  C:\Users\Maxi\Downloads\TP1\build\jsb-link\assets\main\native\95\9513b1fd-9449-4692-a734-fd416c838b81.e23f5.png -> C:\Users\Maxi\Downloads\TP1\build\jsb-link\frameworks\runtime-src\proj.win32\Release.win32\assets\main\native\95\9513b1fd-9449-4692-a734-fd416c838b81.e23f5.png
  C:\Users\Maxi\Downloads\TP1\build\jsb-link\assets\main\native\b4\b43ff3c2-02bb-4874-81f7-f2dea6970f18.83fcc.png -> C:\Users\Maxi\Downloads\TP1\build\jsb-link\frameworks\runtime-src\proj.win32\Release.win32\assets\main\native\b4\b43ff3c2-02bb-4874-81f7-f2dea6970f18.83fcc.png
  C:\Users\Maxi\Downloads\TP1\build\jsb-link\assets\main\native\d2\d27da2f1-e895-491b-b6fc-92d3ebd23b10.ce6bc.png -> C:\Users\Maxi\Downloads\TP1\build\jsb-link\frameworks\runtime-src\proj.win32\Release.win32\assets\main\native\d2\d27da2f1-e895-491b-b6fc-92d3ebd23b10.ce6bc.png
  C:\Users\Maxi\Downloads\TP1\build\jsb-link\assets\main\native\e8\e851e89b-faa2-4484-bea6-5c01dd9f06e2.90cf4.png -> C:\Users\Maxi\Downloads\TP1\build\jsb-link\frameworks\runtime-src\proj.win32\Release.win32\assets\main\native\e8\e851e89b-faa2-4484-bea6-5c01dd9f06e2.90cf4.png
  22 archivo(s) copiado(s)
  C:\Users\Maxi\Downloads\TP1\build\jsb-link\jsb-adapter\jsb-builtin.js -> C:\Users\Maxi\Downloads\TP1\build\jsb-link\frameworks\runtime-src\proj.win32\Release.win32\jsb-adapter\jsb-builtin.js
  C:\Users\Maxi\Downloads\TP1\build\jsb-link\jsb-adapter\jsb-engine.js -> C:\Users\Maxi\Downloads\TP1\build\jsb-link\frameworks\runtime-src\proj.win32\Release.win32\jsb-adapter\jsb-engine.js
  2 archivo(s) copiado(s)
          1 archivo(s) copiado(s).
          1 archivo(s) copiado(s).
